<?xml version="1.0" encoding="UTF-8"?>
<testsuite name="com.busanit501.api5012.Api5012ApplicationTests" tests="1" skipped="0" failures="0" errors="0" timestamp="2026-03-27T03:21:05" hostname="SJTYPAPA" time="0.415">
  <properties/>
  <testcase name="contextLoads()" classname="com.busanit501.api5012.Api5012ApplicationTests" time="0.415"/>
  <system-out><![CDATA[12:20:59.499 [Test worker] INFO org.springframework.test.context.support.AnnotationConfigContextLoaderUtils -- Could not detect default configuration classes for test class [com.busanit501.api5012.Api5012ApplicationTests]: Api5012ApplicationTests does not declare any static, non-private, non-final, nested classes annotated with @Configuration.
12:20:59.613 [Test worker] INFO org.springframework.boot.test.context.SpringBootTestContextBootstrapper -- Found @SpringBootConfiguration com.busanit501.api5012.Api5012Application for test class com.busanit501.api5012.Api5012ApplicationTests

  .   ____          _            __ _ _
 /\\ / ___'_ __ _ _(_)_ __  __ _ \ \ \ \
( ( )\___ | '_ | '_| | '_ \/ _` | \ \ \ \
 \\/  ___)| |_)| | | | | || (_| |  ) ) ) )
  '  |____| .__|_| |_|_| |_\__, | / / / /
 =========|_|==============|___/=/_/_/_/

 :: Spring Boot ::                (v3.4.1)

2026-03-27T12:20:59.952+09:00  INFO 50124 --- [api5012] [    Test worker] c.b.api5012.Api5012ApplicationTests      : Starting Api5012ApplicationTests using Java 17.0.12 with PID 50124 (started by lsy37 in E:\0-sample-flutter-projectt-k9\Spring-Back\SpringBasic\api5012)
2026-03-27T12:20:59.953+09:00 DEBUG 50124 --- [api5012] [    Test worker] c.b.api5012.Api5012ApplicationTests      : Running with Spring Boot v3.4.1, Spring v6.2.1
2026-03-27T12:20:59.953+09:00  INFO 50124 --- [api5012] [    Test worker] c.b.api5012.Api5012ApplicationTests      : No active profile set, falling back to 1 default profile: "default"
2026-03-27T12:21:00.676+09:00  INFO 50124 --- [api5012] [    Test worker] .s.d.r.c.RepositoryConfigurationDelegate : Bootstrapping Spring Data JPA repositories in DEFAULT mode.
2026-03-27T12:21:00.779+09:00  INFO 50124 --- [api5012] [    Test worker] .s.d.r.c.RepositoryConfigurationDelegate : Finished Spring Data repository scanning in 95 ms. Found 12 JPA repository interfaces.
2026-03-27T12:21:01.308+09:00  INFO 50124 --- [api5012] [    Test worker] o.hibernate.jpa.internal.util.LogHelper  : HHH000204: Processing PersistenceUnitInfo [name: default]
2026-03-27T12:21:01.357+09:00  INFO 50124 --- [api5012] [    Test worker] org.hibernate.Version                    : HHH000412: Hibernate ORM core version 6.6.4.Final
2026-03-27T12:21:01.389+09:00  INFO 50124 --- [api5012] [    Test worker] o.h.c.internal.RegionFactoryInitiator    : HHH000026: Second-level cache disabled
2026-03-27T12:21:01.614+09:00  INFO 50124 --- [api5012] [    Test worker] o.s.o.j.p.SpringPersistenceUnitInfo      : No LoadTimeWeaver setup: ignoring JPA class transformer
2026-03-27T12:21:01.645+09:00  INFO 50124 --- [api5012] [    Test worker] com.zaxxer.hikari.HikariDataSource       : HikariPool-1 - Starting...
2026-03-27T12:21:01.744+09:00  INFO 50124 --- [api5012] [    Test worker] com.zaxxer.hikari.pool.HikariPool        : HikariPool-1 - Added connection org.mariadb.jdbc.Connection@5d2e65bd
2026-03-27T12:21:01.746+09:00  INFO 50124 --- [api5012] [    Test worker] com.zaxxer.hikari.HikariDataSource       : HikariPool-1 - Start completed.
2026-03-27T12:21:01.771+09:00  WARN 50124 --- [api5012] [    Test worker] org.hibernate.orm.deprecation            : HHH90000025: MariaDBDialect does not need to be specified explicitly using 'hibernate.dialect' (remove the property setting and it will be selected by default)
2026-03-27T12:21:01.789+09:00  INFO 50124 --- [api5012] [    Test worker] org.hibernate.orm.connections.pooling    : HHH10001005: Database info:
	Database JDBC URL [Connecting through datasource 'HikariDataSource (HikariPool-1)']
	Database driver: undefined/unknown
	Database version: 12.2.2
	Autocommit mode: undefined/unknown
	Isolation level: undefined/unknown
	Minimum pool size: undefined/unknown
	Maximum pool size: undefined/unknown
2026-03-27T12:21:02.660+09:00  INFO 50124 --- [api5012] [    Test worker] o.h.e.t.j.p.i.JtaPlatformInitiator       : HHH000489: No JTA platform available (set 'hibernate.transaction.jta.platform' to enable JTA platform integration)
Hibernate: 
    create table apiuser (
        mid varchar(255) not null,
        mpw varchar(255),
        primary key (mid)
    ) engine=InnoDB
Hibernate: 
    create table tbl_lib_apply (
        id bigint not null auto_increment,
        applicant_name varchar(50) not null,
        facility_type varchar(30) not null,
        participants integer not null,
        phone varchar(20) not null,
        reg_date datetime(6) not null,
        reserve_date date not null,
        status varchar(15) not null,
        member_id bigint not null,
        primary key (id)
    ) engine=InnoDB
Hibernate: 
    create table tbl_lib_book (
        id bigint not null auto_increment,
        author varchar(100) not null,
        book_title varchar(300) not null,
        cover_image varchar(500),
        description longtext,
        isbn varchar(20),
        publish_date date,
        publisher varchar(100),
        reg_date datetime(6) not null,
        status enum ('AVAILABLE','LOST','RENTED','RESERVED') not null,
        primary key (id)
    ) engine=InnoDB
Hibernate: 
    create table tbl_lib_event (
        id bigint not null auto_increment,
        category varchar(50) not null,
        content tinytext not null,
        current_participants integer not null,
        event_date date not null,
        max_participants integer not null,
        place varchar(200) not null,
        reg_date datetime(6) not null,
        status varchar(10) not null,
        title varchar(300) not null,
        primary key (id)
    ) engine=InnoDB
Hibernate: 
    create table tbl_lib_event_application (
        id bigint not null auto_increment,
        apply_date datetime(6) not null,
        status varchar(15) not null,
        event_id bigint not null,
        member_id bigint not null,
        primary key (id)
    ) engine=InnoDB
Hibernate: 
    create table tbl_lib_inquiry (
        id bigint not null auto_increment,
        answered bit not null,
        content tinytext not null,
        reg_date datetime(6) not null,
        secret bit not null,
        title varchar(300) not null,
        writer varchar(100) not null,
        member_id bigint,
        primary key (id)
    ) engine=InnoDB
Hibernate: 
    create table tbl_lib_member (
        id bigint not null auto_increment,
        email varchar(100) not null,
        mid varchar(50) not null,
        mname varchar(50) not null,
        mpw varchar(255) not null,
        profile_img varchar(255),
        reg_date datetime(6) not null,
        region varchar(100),
        role enum ('ADMIN','USER') not null,
        primary key (id)
    ) engine=InnoDB
Hibernate: 
    create table tbl_lib_notice (
        id bigint not null auto_increment,
        content tinytext not null,
        reg_date datetime(6) not null,
        title varchar(300) not null,
        top_fixed bit not null,
        writer varchar(100) not null,
        primary key (id)
    ) engine=InnoDB
Hibernate: 
    create table tbl_lib_notice_image (
        id bigint not null auto_increment,
        file_name varchar(300) not null,
        ord integer not null,
        uuid varchar(100) not null,
        notice_id bigint not null,
        primary key (id)
    ) engine=InnoDB
Hibernate: 
    create table tbl_lib_rental (
        id bigint not null auto_increment,
        due_date date not null,
        rental_date date not null,
        return_date date,
        status enum ('EXTENDED','OVERDUE','RENTING','RETURNED') not null,
        book_id bigint not null,
        member_id bigint not null,
        primary key (id)
    ) engine=InnoDB
Hibernate: 
    create table tbl_lib_reply (
        id bigint not null auto_increment,
        reg_date datetime(6) not null,
        replier varchar(100) not null,
        reply_text tinytext not null,
        inquiry_id bigint not null,
        primary key (id)
    ) engine=InnoDB
Hibernate: 
    create table tbl_lib_wish_book (
        id bigint not null auto_increment,
        reason varchar(500),
        reg_date datetime(6) not null,
        status varchar(15) not null,
        wish_author varchar(100),
        wish_book_title varchar(300) not null,
        wish_publisher varchar(100),
        member_id bigint not null,
        primary key (id)
    ) engine=InnoDB
Hibernate: 
    create table tbl_todo_api (
        tno bigint not null auto_increment,
        complete bit not null,
        due_date date,
        title varchar(255),
        writer varchar(255),
        primary key (tno)
    ) engine=InnoDB
Hibernate: 
    alter table if exists tbl_lib_book 
       drop index if exists UKh3skk1t8rfrq6q0wxoupdahmx
Hibernate: 
    alter table if exists tbl_lib_book 
       add constraint UKh3skk1t8rfrq6q0wxoupdahmx unique (isbn)
Hibernate: 
    alter table if exists tbl_lib_member 
       drop index if exists UKji35pk5i3p09927a71ve8kqnn
Hibernate: 
    alter table if exists tbl_lib_member 
       add constraint UKji35pk5i3p09927a71ve8kqnn unique (email)
Hibernate: 
    alter table if exists tbl_lib_member 
       drop index if exists UK3rrynwoytrn0a6w4upyi8x8j6
Hibernate: 
    alter table if exists tbl_lib_member 
       add constraint UK3rrynwoytrn0a6w4upyi8x8j6 unique (mid)
Hibernate: 
    alter table if exists tbl_lib_apply 
       add constraint FKtfa0ddm9wifxi0m44fvngc3ey 
       foreign key (member_id) 
       references tbl_lib_member (id)
Hibernate: 
    alter table if exists tbl_lib_event_application 
       add constraint FK700ekdilfn1xm6ry7tttv7oef 
       foreign key (event_id) 
       references tbl_lib_event (id)
Hibernate: 
    alter table if exists tbl_lib_event_application 
       add constraint FKjgvayeogrs9in4x4kol1dql6s 
       foreign key (member_id) 
       references tbl_lib_member (id)
Hibernate: 
    alter table if exists tbl_lib_inquiry 
       add constraint FKouklh5ek9ev4ek4kjaqkgw7rp 
       foreign key (member_id) 
       references tbl_lib_member (id)
Hibernate: 
    alter table if exists tbl_lib_notice_image 
       add constraint FK937yrmc50x36wc0nr4jearghy 
       foreign key (notice_id) 
       references tbl_lib_notice (id)
Hibernate: 
    alter table if exists tbl_lib_rental 
       add constraint FKhysl5y5t4tqrt0ue5dmoc2uqg 
       foreign key (book_id) 
       references tbl_lib_book (id)
Hibernate: 
    alter table if exists tbl_lib_rental 
       add constraint FK1sddci0rqx57g29eop6laoc9p 
       foreign key (member_id) 
       references tbl_lib_member (id)
Hibernate: 
    alter table if exists tbl_lib_reply 
       add constraint FKiffa059clccwudvxoujrikuf7 
       foreign key (inquiry_id) 
       references tbl_lib_inquiry (id)
Hibernate: 
    alter table if exists tbl_lib_wish_book 
       add constraint FKfwbl8iureou9yara6j58u831g 
       foreign key (member_id) 
       references tbl_lib_member (id)
2026-03-27T12:21:03.034+09:00  INFO 50124 --- [api5012] [    Test worker] j.LocalContainerEntityManagerFactoryBean : Initialized JPA EntityManagerFactory for persistence unit 'default'
2026-03-27T12:21:03.487+09:00  INFO 50124 --- [api5012] [    Test worker] o.s.d.j.r.query.QueryEnhancerFactory     : Hibernate is in classpath; If applicable, HQL parser will be used.
2026-03-27T12:21:04.688+09:00  WARN 50124 --- [api5012] [    Test worker] JpaBaseConfiguration$JpaWebConfiguration : spring.jpa.open-in-view is enabled by default. Therefore, database queries may be performed during view rendering. Explicitly configure spring.jpa.open-in-view to disable this warning
2026-03-27T12:21:04.712+09:00  INFO 50124 --- [api5012] [    Test worker] r$InitializeUserDetailsManagerConfigurer : Global AuthenticationManager configured with UserDetailsService bean with name APIUserDetailsService
2026-03-27T12:21:04.977+09:00  INFO 50124 --- [api5012] [    Test worker] c.b.api5012.config.CustomSecurityConfig  : ===========config=================
2026-03-27T12:21:05.014+09:00 DEBUG 50124 --- [api5012] [    Test worker] o.s.s.web.DefaultSecurityFilterChain     : Will secure any request with filters: DisableEncodeUrlFilter, WebAsyncManagerIntegrationFilter, SecurityContextHolderFilter, HeaderWriterFilter, CorsFilter, LogoutFilter, RefreshTokenFilter, APILoginFilter, TokenCheckFilter, RequestCacheAwareFilter, SecurityContextHolderAwareRequestFilter, AnonymousAuthenticationFilter, SessionManagementFilter, ExceptionTranslationFilter
2026-03-27T12:21:05.016+09:00  INFO 50124 --- [api5012] [    Test worker] c.b.api5012.config.CustomSecurityConfig  : 시큐리티 동작 확인 ====webSecurityCustomizer======================
2026-03-27T12:21:05.023+09:00  WARN 50124 --- [api5012] [    Test worker] o.s.s.c.a.web.builders.WebSecurity       : You are asking Spring Security to ignore org.springframework.boot.autoconfigure.security.servlet.StaticResourceRequest$StaticResourceRequestMatcher@628cd698. This is not recommended -- please use permitAll via HttpSecurity#authorizeHttpRequests instead.
2026-03-27T12:21:05.023+09:00 DEBUG 50124 --- [api5012] [    Test worker] o.s.s.web.DefaultSecurityFilterChain     : Will not secure org.springframework.boot.autoconfigure.security.servlet.StaticResourceRequest$StaticResourceRequestMatcher@628cd698
2026-03-27T12:21:05.042+09:00  INFO 50124 --- [api5012] [    Test worker] o.s.v.b.OptionalValidatorFactoryBean     : Failed to set up a Bean Validation provider: jakarta.validation.NoProviderFoundException: Unable to create a Configuration, because no Jakarta Bean Validation provider could be found. Add a provider like Hibernate Validator (RI) to your classpath.
2026-03-27T12:21:05.506+09:00  INFO 50124 --- [api5012] [    Test worker] c.b.api5012.Api5012ApplicationTests      : Started Api5012ApplicationTests in 5.737 seconds (process running for 6.852)
]]></system-out>
  <system-err><![CDATA[]]></system-err>
</testsuite>
