<?xml version="1.0" encoding="UTF-8"?>
<testsuite name="com.busanit501.api5012.util.JWTUtilTests" tests="3" skipped="0" failures="0" errors="0" timestamp="2026-03-27T03:21:12" hostname="SJTYPAPA" time="0.075">
  <properties/>
  <testcase name="testGenerate()" classname="com.busanit501.api5012.util.JWTUtilTests" time="0.051"/>
  <testcase name="testAll()" classname="com.busanit501.api5012.util.JWTUtilTests" time="0.019"/>
  <testcase name="testValidate()" classname="com.busanit501.api5012.util.JWTUtilTests" time="0.004"/>
  <system-out><![CDATA[2026-03-27T12:21:12.428+09:00  INFO 50124 --- [api5012] [    Test worker] t.c.s.AnnotationConfigContextLoaderUtils : Could not detect default configuration classes for test class [com.busanit501.api5012.util.JWTUtilTests]: JWTUtilTests does not declare any static, non-private, non-final, nested classes annotated with @Configuration.
2026-03-27T12:21:12.441+09:00  INFO 50124 --- [api5012] [    Test worker] .b.t.c.SpringBootTestContextBootstrapper : Found @SpringBootConfiguration com.busanit501.api5012.Api5012Application for test class com.busanit501.api5012.util.JWTUtilTests
2026-03-27T12:21:12.448+09:00  INFO 50124 --- [api5012] [    Test worker] com.busanit501.api5012.util.JWTUtil      : Generating token with secret key: busainit501234567890busainit501234567890busainit501234567890
2026-03-27T12:21:12.492+09:00  INFO 50124 --- [api5012] [    Test worker] com.busanit501.api5012.util.JWTUtil      : Generated JWT: eyJ0eXAiOiJKV1QiLCJhbGciOiJIUzI1NiJ9.eyJtaWQiOiJBQkNERSIsImlhdCI6MTc3NDU4MTY3MiwiZXhwIjoxNzc0NjY4MDcyfQ.32jYezkk00Di1QhvsUi-I6KgGYjOM5y-mJw2Nysndrc
2026-03-27T12:21:12.492+09:00  INFO 50124 --- [api5012] [    Test worker] c.busanit501.api5012.util.JWTUtilTests   : Generated JWT: eyJ0eXAiOiJKV1QiLCJhbGciOiJIUzI1NiJ9.eyJtaWQiOiJBQkNERSIsImlhdCI6MTc3NDU4MTY3MiwiZXhwIjoxNzc0NjY4MDcyfQ.32jYezkk00Di1QhvsUi-I6KgGYjOM5y-mJw2Nysndrc
2026-03-27T12:21:12.496+09:00  INFO 50124 --- [api5012] [    Test worker] com.busanit501.api5012.util.JWTUtil      : Generating token with secret key: busainit501234567890busainit501234567890busainit501234567890
2026-03-27T12:21:12.496+09:00  INFO 50124 --- [api5012] [    Test worker] com.busanit501.api5012.util.JWTUtil      : Generated JWT: eyJ0eXAiOiJKV1QiLCJhbGciOiJIUzI1NiJ9.eyJtaWQiOiJBQUFBIiwiZW1haWwiOiJhYWFhQGJiYi5jb20iLCJpYXQiOjE3NzQ1ODE2NzIsImV4cCI6MTc3NDY2ODA3Mn0.Iayw5riiJ8Z5e1wCKgqlp8BASfZGHKiagwdgC5iUDtE
2026-03-27T12:21:12.497+09:00  INFO 50124 --- [api5012] [    Test worker] c.busanit501.api5012.util.JWTUtilTests   : Generated JWT: eyJ0eXAiOiJKV1QiLCJhbGciOiJIUzI1NiJ9.eyJtaWQiOiJBQUFBIiwiZW1haWwiOiJhYWFhQGJiYi5jb20iLCJpYXQiOjE3NzQ1ODE2NzIsImV4cCI6MTc3NDY2ODA3Mn0.Iayw5riiJ8Z5e1wCKgqlp8BASfZGHKiagwdgC5iUDtE
2026-03-27T12:21:12.497+09:00  INFO 50124 --- [api5012] [    Test worker] com.busanit501.api5012.util.JWTUtil      : Validating token: eyJ0eXAiOiJKV1QiLCJhbGciOiJIUzI1NiJ9.eyJtaWQiOiJBQUFBIiwiZW1haWwiOiJhYWFhQGJiYi5jb20iLCJpYXQiOjE3NzQ1ODE2NzIsImV4cCI6MTc3NDY2ODA3Mn0.Iayw5riiJ8Z5e1wCKgqlp8BASfZGHKiagwdgC5iUDtE
2026-03-27T12:21:12.512+09:00  INFO 50124 --- [api5012] [    Test worker] com.busanit501.api5012.util.JWTUtil      : Token is valid. Extracted Claims: {mid=AAAA, exp=1774668072, iat=1774581672, email=aaaa@bbb.com}
2026-03-27T12:21:12.512+09:00  INFO 50124 --- [api5012] [    Test worker] c.busanit501.api5012.util.JWTUtilTests   : MID: AAAA
2026-03-27T12:21:12.512+09:00  INFO 50124 --- [api5012] [    Test worker] c.busanit501.api5012.util.JWTUtilTests   : EMAIL: aaaa@bbb.com
2026-03-27T12:21:12.516+09:00  INFO 50124 --- [api5012] [    Test worker] com.busanit501.api5012.util.JWTUtil      : Validating token: eyJ0eXAiOiJKV1QiLCJhbGciOiJIUzI1NiJ9.eyJtaWQiOiJBQkNERSIsImlhdCI6MTczNzcwMjIzMiwiZXhwIjoxNzM3NzAyMjkyfQ.0SshOFXnpn1mtXfFB2PJexYhfgH3n-70OIU-DWUb-o43
2026-03-27T12:21:12.517+09:00 ERROR 50124 --- [api5012] [    Test worker] c.busanit501.api5012.util.JWTUtilTests   : Token validation failed: JWT signature does not match locally computed signature. JWT validity cannot be asserted and should not be trusted.
]]></system-out>
  <system-err><![CDATA[]]></system-err>
</testsuite>
